0 info it worked if it ends with ok
1 verbose cli [ '/home/vagrant/.nvm/versions/node/v6.9.5/bin/node',
1 verbose cli   '/home/vagrant/.nvm/versions/node/v6.9.5/bin/npm',
1 verbose cli   'install',
1 verbose cli   'request',
1 verbose cli   '--save' ]
2 info using npm@3.10.10
3 info using node@v6.9.5
4 silly loadCurrentTree Starting
5 silly install loadCurrentTree
6 silly install readLocalPackageData
7 silly fetchPackageMetaData request
8 silly fetchNamedPackageData request
9 silly mapToRegistry name request
10 silly mapToRegistry using default registry
11 silly mapToRegistry registry https://registry.npmjs.org/
12 silly mapToRegistry data Result {
12 silly mapToRegistry   raw: 'request',
12 silly mapToRegistry   scope: null,
12 silly mapToRegistry   escapedName: 'request',
12 silly mapToRegistry   name: 'request',
12 silly mapToRegistry   rawSpec: '',
12 silly mapToRegistry   spec: 'latest',
12 silly mapToRegistry   type: 'tag' }
13 silly mapToRegistry uri https://registry.npmjs.org/request
14 verbose request uri https://registry.npmjs.org/request
15 verbose request no auth needed
16 info attempt registry request try #1 at 5:51:24 PM
17 verbose request id 9ddb2ace029f7661
18 verbose etag W/"5a20fc79-39984"
19 verbose lastModified Fri, 01 Dec 2017 06:53:45 GMT
20 http request GET https://registry.npmjs.org/request
21 http 200 https://registry.npmjs.org/request
22 verbose headers { server: 'nginx/1.10.1',
22 verbose headers   'content-type': 'application/json',
22 verbose headers   'last-modified': 'Mon, 04 Dec 2017 10:03:38 GMT',
22 verbose headers   etag: 'W/"5a251d7a-399b0"',
22 verbose headers   'content-encoding': 'gzip',
22 verbose headers   'cache-control': 'max-age=300',
22 verbose headers   'content-length': '36539',
22 verbose headers   'accept-ranges': 'bytes',
22 verbose headers   date: 'Mon, 04 Dec 2017 17:55:13 GMT',
22 verbose headers   via: '1.1 varnish',
22 verbose headers   age: '169',
22 verbose headers   connection: 'keep-alive',
22 verbose headers   'x-served-by': 'cache-mdw17331-MDW',
22 verbose headers   'x-cache': 'HIT',
22 verbose headers   'x-cache-hits': '8',
22 verbose headers   'x-timer': 'S1512410114.944138,VS0,VE0',
22 verbose headers   vary: 'Accept-Encoding, Accept' }
23 silly get cb [ 200,
23 silly get   { server: 'nginx/1.10.1',
23 silly get     'content-type': 'application/json',
23 silly get     'last-modified': 'Mon, 04 Dec 2017 10:03:38 GMT',
23 silly get     etag: 'W/"5a251d7a-399b0"',
23 silly get     'content-encoding': 'gzip',
23 silly get     'cache-control': 'max-age=300',
23 silly get     'content-length': '36539',
23 silly get     'accept-ranges': 'bytes',
23 silly get     date: 'Mon, 04 Dec 2017 17:55:13 GMT',
23 silly get     via: '1.1 varnish',
23 silly get     age: '169',
23 silly get     connection: 'keep-alive',
23 silly get     'x-served-by': 'cache-mdw17331-MDW',
23 silly get     'x-cache': 'HIT',
23 silly get     'x-cache-hits': '8',
23 silly get     'x-timer': 'S1512410114.944138,VS0,VE0',
23 silly get     vary: 'Accept-Encoding, Accept' } ]
24 verbose get saving request to /home/vagrant/.npm/registry.npmjs.org/request/.cache.json
25 verbose correctMkdir /home/vagrant/.npm correctMkdir not in flight; initializing
26 silly install normalizeTree
27 silly loadCurrentTree Finishing
28 silly loadIdealTree Starting
29 silly install loadIdealTree
30 silly cloneCurrentTree Starting
31 silly install cloneCurrentTreeToIdealTree
32 silly cloneCurrentTree Finishing
33 silly loadShrinkwrap Starting
34 silly install loadShrinkwrap
35 silly loadShrinkwrap Finishing
36 silly loadAllDepsIntoIdealTree Starting
37 silly install loadAllDepsIntoIdealTree
38 silly rollbackFailedOptional Starting
39 silly rollbackFailedOptional Finishing
40 silly runTopLevelLifecycles Finishing
41 silly install printInstalled
42 verbose stack Error: Refusing to install request as a dependency of itself
42 verbose stack     at checkSelf (/home/vagrant/.nvm/versions/node/v6.9.5/lib/node_modules/npm/lib/install/validate-args.js:53:14)
42 verbose stack     at Array.<anonymous> (/home/vagrant/.nvm/versions/node/v6.9.5/lib/node_modules/npm/node_modules/slide/lib/bind-actor.js:15:8)
42 verbose stack     at LOOP (/home/vagrant/.nvm/versions/node/v6.9.5/lib/node_modules/npm/node_modules/slide/lib/chain.js:15:14)
42 verbose stack     at chain (/home/vagrant/.nvm/versions/node/v6.9.5/lib/node_modules/npm/node_modules/slide/lib/chain.js:20:5)
42 verbose stack     at /home/vagrant/.nvm/versions/node/v6.9.5/lib/node_modules/npm/lib/install/validate-args.js:16:5
42 verbose stack     at /home/vagrant/.nvm/versions/node/v6.9.5/lib/node_modules/npm/node_modules/slide/lib/async-map.js:52:35
42 verbose stack     at Array.forEach (native)
42 verbose stack     at /home/vagrant/.nvm/versions/node/v6.9.5/lib/node_modules/npm/node_modules/slide/lib/async-map.js:52:11
42 verbose stack     at Array.forEach (native)
42 verbose stack     at asyncMap (/home/vagrant/.nvm/versions/node/v6.9.5/lib/node_modules/npm/node_modules/slide/lib/async-map.js:51:8)
43 verbose cwd /vagrant/w2d1/request
44 error Linux 4.4.0-21-generic
45 error argv "/home/vagrant/.nvm/versions/node/v6.9.5/bin/node" "/home/vagrant/.nvm/versions/node/v6.9.5/bin/npm" "install" "request" "--save"
46 error node v6.9.5
47 error npm  v3.10.10
48 error code ENOSELF
49 error Refusing to install request as a dependency of itself
50 error If you need help, you may report this error at:
50 error     <https://github.com/npm/npm/issues>
51 verbose exit [ 1, true ]
